  Client.cpp
  Please define _WIN32_WINNT or _WIN32_WINDOWS appropriately. For example:
  - add -D_WIN32_WINNT=0x0601 to the compiler command line; or
  - add _WIN32_WINNT=0x0601 to your project's Preprocessor Definitions.
  Assuming _WIN32_WINNT=0x0601 (i.e. Windows 7 target).
  Core.cpp
  Please define _WIN32_WINNT or _WIN32_WINDOWS appropriately. For example:
  - add -D_WIN32_WINNT=0x0601 to the compiler command line; or
  - add _WIN32_WINNT=0x0601 to your project's Preprocessor Definitions.
  Assuming _WIN32_WINNT=0x0601 (i.e. Windows 7 target).
  Entity.cpp
  Graphic.cpp
  Please define _WIN32_WINNT or _WIN32_WINDOWS appropriately. For example:
  - add -D_WIN32_WINNT=0x0601 to the compiler command line; or
  - add _WIN32_WINNT=0x0601 to your project's Preprocessor Definitions.
  Assuming _WIN32_WINNT=0x0601 (i.e. Windows 7 target).
C:\Users\$IGT000-FVNULUGL4TU3\Documents\second_version_indie\IndieStudio_2018\client\srcs\Graphic.cpp(130): warning C4101: 'tmp': unreferenced local variable
C:\Users\$IGT000-FVNULUGL4TU3\Documents\second_version_indie\IndieStudio_2018\client\srcs\Graphic.cpp(173): warning C4244: 'argument': conversion from 'int' to 'T', possible loss of data
          with
          [
              T=irr::f32
          ]
C:\Users\$IGT000-FVNULUGL4TU3\Documents\second_version_indie\IndieStudio_2018\client\srcs\Graphic.cpp(180): warning C4244: 'argument': conversion from 'int' to 'T', possible loss of data
          with
          [
              T=irr::f32
          ]
C:\Users\$IGT000-FVNULUGL4TU3\Documents\second_version_indie\IndieStudio_2018\client\srcs\Graphic.cpp(183): warning C4244: 'argument': conversion from 'int' to 'T', possible loss of data
          with
          [
              T=irr::f32
          ]
C:\Users\$IGT000-FVNULUGL4TU3\Documents\second_version_indie\IndieStudio_2018\client\srcs\Graphic.cpp(190): warning C4244: 'argument': conversion from 'int' to 'T', possible loss of data
          with
          [
              T=irr::f32
          ]
C:\Users\$IGT000-FVNULUGL4TU3\Documents\second_version_indie\IndieStudio_2018\client\srcs\Graphic.cpp(193): warning C4244: 'argument': conversion from 'int' to 'T', possible loss of data
          with
          [
              T=irr::f32
          ]
  Clock.cpp
  Generating Code...
  client.vcxproj -> C:\Users\$IGT000-FVNULUGL4TU3\Documents\second_version_indie\IndieStudio_2018\build\client\Debug\client.lib
